-------------------------------------------------------------------------------
Test set: com.usermanagement.repository.UserRepositoryTest
-------------------------------------------------------------------------------
Tests run: 2, Failures: 0, Errors: 2, Skipped: 0, Time elapsed: 0.017 s <<< FAILURE! - in com.usermanagement.repository.UserRepositoryTest
findByUserFullName  Time elapsed: 0.015 s  <<< ERROR!
java.lang.NullPointerException: Cannot invoke "org.springframework.security.crypto.password.PasswordEncoder.encode(java.lang.CharSequence)" because "this.passwordEncoder" is null
	at com.usermanagement.repository.UserRepositoryTest.getUser(UserRepositoryTest.java:64)
	at com.usermanagement.repository.UserRepositoryTest.findByUserFullName(UserRepositoryTest.java:46)

findByUserName  Time elapsed: 0.001 s  <<< ERROR!
java.lang.NullPointerException: Cannot invoke "org.springframework.security.crypto.password.PasswordEncoder.encode(java.lang.CharSequence)" because "this.passwordEncoder" is null
	at com.usermanagement.repository.UserRepositoryTest.getUser(UserRepositoryTest.java:64)
	at com.usermanagement.repository.UserRepositoryTest.findByUserName(UserRepositoryTest.java:54)

